<?xml version="1.0" encoding="UTF-8"?>
<!-- Generated by org.testng.reporters.JUnitReportReporter -->
<testsuite hostname="Ma7mwD" failures="0" tests="9" name="Tests.RequestStepTest" time="75.165" errors="0" timestamp="2023-02-23T16:46:57 EET" skipped="0">
  <testcase classname="Tests.RequestStepTest" name="testLogin" time="6.107"/>
  <system-out/>
  <testcase classname="Tests.RequestStepTest" name="testLogin" time="7.054"/>
  <system-out/>
  <testcase classname="Tests.RequestStepTest" name="testLogin" time="6.159"/>
  <system-out/>
  <testcase classname="Tests.RequestStepTest" name="testLogin" time="6.188"/>
  <system-out/>
  <testcase classname="Tests.RequestStepTest" name="testLogin" time="6.101"/>
  <system-out/>
  <testcase classname="Tests.RequestStepTest" name="testLogin" time="25.110"/>
  <system-out/>
  <testcase classname="Tests.RequestStepTest" name="testLogin" time="6.149"/>
  <system-out/>
  <testcase classname="Tests.RequestStepTest" name="testLogin" time="6.174"/>
  <system-out/>
  <testcase classname="Tests.RequestStepTest" name="testLogin" time="6.123"/>
  <system-out/>
</testsuite> <!-- Tests.RequestStepTest -->
