<?xml version="1.0" encoding="UTF-8"?>
<!-- Generated by org.testng.reporters.JUnitReportReporter -->
<testsuite hostname="Ma7mwD" failures="0" tests="1" name="Tests.CancelRequestTest" time="70.285" errors="0" timestamp="2023-02-24T22:29:02 EET" skipped="0">
  <testcase classname="Tests.CancelRequestTest" name="testCancel" time="70.285"/>
  <system-out/>
</testsuite> <!-- Tests.CancelRequestTest -->
